Apr 08, 2022 12:04:47 PM org.eclipse.lemminx.XMLLanguageServer initialize
INFO: Initializing XML Language server
LemMinX Server info:
 - Version : 0.20.0
 - Java : C:\Program Files\RedHat\java-11-openjdk-11.0.12-1
 - VM Version : 11.0.12
 - Git 6e1aecb - [maven-release-plugin] prepare release 0.20.0
Apr 08, 2022 12:04:49 PM org.eclipse.lsp4j.jsonrpc.services.GenericEndpoint notify
INFO: Unsupported notification method: $/setTrace
Apr 08, 2022 12:05:00 PM org.eclipse.lsp4j.jsonrpc.services.GenericEndpoint notify
INFO: Unsupported notification method: $/setTrace
Apr 08, 2022 3:27:58 PM org.eclipse.lsp4j.jsonrpc.RemoteEndpoint handleCancellation
WARNING: Unmatched cancel notification for request id 133
Apr 08, 2022 4:24:21 PM org.eclipse.lsp4j.jsonrpc.RemoteEndpoint handleCancellation
WARNING: Unmatched cancel notification for request id 519
Apr 11, 2022 11:41:32 AM org.eclipse.lemminx.XMLLanguageServer initialize
INFO: Initializing XML Language server
LemMinX Server info:
 - Version : 0.20.0
 - Java : C:\Program Files\RedHat\java-11-openjdk-11.0.12-1
 - VM Version : 11.0.12
 - Git 6e1aecb - [maven-release-plugin] prepare release 0.20.0
Apr 11, 2022 11:55:19 AM org.eclipse.lemminx.XMLLanguageServer initialize
INFO: Initializing XML Language server
LemMinX Server info:
 - Version : 0.20.0
 - Java : C:\Program Files\RedHat\java-11-openjdk-11.0.12-1
 - VM Version : 11.0.12
 - Git 6e1aecb - [maven-release-plugin] prepare release 0.20.0
Apr 11, 2022 11:58:17 AM org.eclipse.lsp4j.jsonrpc.RemoteEndpoint handleCancellation
WARNING: Unmatched cancel notification for request id 20
May 16, 2022 3:02:32 PM org.eclipse.lemminx.XMLLanguageServer initialize
INFO: Initializing XML Language server
LemMinX Server info:
 - Version : 0.20.0
 - Java : C:\Program Files\RedHat\java-11-openjdk-11.0.12-1
 - VM Version : 11.0.12
 - Git 6e1aecb - [maven-release-plugin] prepare release 0.20.0
May 16, 2022 6:18:28 PM org.eclipse.lemminx.XMLLanguageServer initialize
INFO: Initializing XML Language server
LemMinX Server info:
 - Version : 0.20.0
 - Java : C:\Program Files\RedHat\java-11-openjdk-11.0.12-1
 - VM Version : 11.0.12
 - Git 6e1aecb - [maven-release-plugin] prepare release 0.20.0
May 23, 2022 4:09:11 PM org.eclipse.lemminx.XMLLanguageServer initialize
INFO: Initializing XML Language server
LemMinX Server info:
 - Version : 0.20.0
 - Java : C:\Program Files\RedHat\java-11-openjdk-11.0.12-1
 - VM Version : 11.0.12
 - Git 6e1aecb - [maven-release-plugin] prepare release 0.20.0
May 23, 2022 4:09:50 PM org.eclipse.lsp4j.jsonrpc.services.GenericEndpoint notify
INFO: Unsupported notification method: $/setTrace
May 23, 2022 4:09:51 PM org.eclipse.lsp4j.jsonrpc.services.GenericEndpoint notify
INFO: Unsupported notification method: $/setTrace
May 23, 2022 4:09:57 PM org.eclipse.lsp4j.jsonrpc.services.GenericEndpoint notify
INFO: Unsupported notification method: $/setTrace
Jun 29, 2022 4:46:13 PM org.eclipse.lemminx.XMLLanguageServer initialize
INFO: Initializing XML Language server
LemMinX Server info:
 - Version : 0.20.0
 - Native Image
 - VM Version : 17.0.2
 - Git [Branch 6e1aecb3182fe156f699aec0bbff0e196c1bd7fb] 6e1aecb - [maven-release-plugin] prepare release 0.20.0
Jun 29, 2022 4:47:41 PM org.eclipse.lsp4j.jsonrpc.RemoteEndpoint handleCancellation
WARNING: Unmatched cancel notification for request id 36
